Feb 15 13:19:24: main: Eliom: in site / - One service or coservice has not been registered on URL /gameplay. 
Feb 15 13:19:24: main: Please correct your modules and make sure you have linked in all the modules...
Feb 21 12:51:13: main: Fatal - Error in configuration file: Error while parsing configuration file: Eliom: while loading local/lib/UC/UC.cma: error while linking local/lib/UC/UC.cma.
Feb 21 12:51:13: main: Reference to undefined global `Facebook'
Feb 21 12:51:30: main: Fatal - Error in configuration file: Error while parsing configuration file: Eliom: while loading local/lib/UC/UC.cma: error while linking local/lib/UC/UC.cma.
Feb 21 12:51:30: main: Reference to undefined global `Facebook'
Feb 21 13:09:05: main: Fatal - Error in configuration file: Error while parsing configuration file: Eliom: while loading local/lib/UC/UC.cma: error while linking local/lib/UC/UC.cma.
Feb 21 13:09:05: main: Reference to undefined global `Facebook'
Feb 21 13:09:53: main: Fatal - Error in configuration file: Error while parsing configuration file: Eliom: while loading local/lib/UC/UC.cma: error while linking local/lib/UC/UC.cma.
Feb 21 13:09:53: main: Reference to undefined global `Facebook'
Feb 21 13:13:05: main: Fatal - Error in configuration file: Error while parsing configuration file: Eliom: while loading local/lib/UC/UC.cma: error while linking local/lib/UC/UC.cma.
Feb 21 13:13:05: main: Reference to undefined global `Facebook'
Feb 21 13:13:27: main: Fatal - Error in configuration file: Error while parsing configuration file: Eliom: while loading local/lib/UC/UC.cma: error while linking local/lib/UC/UC.cma.
Feb 21 13:13:27: main: Reference to undefined global `Facebook'
Feb 21 13:14:35: main: Fatal - Error in configuration file: Error while parsing configuration file: Eliom: while loading local/lib/UC/UC.cma: error while linking local/lib/UC/UC.cma.
Feb 21 13:14:35: main: Reference to undefined global `Facebook'
Feb 21 13:14:50: main: Fatal - Error in configuration file: Error while parsing configuration file: Eliom: while loading local/lib/UC/UC.cma: error while linking local/lib/UC/UC.cma.
Feb 21 13:14:50: main: Reference to undefined global `Facebook'
Feb 21 13:16:18: main: Fatal - Error in configuration file: Error while parsing configuration file: Eliom: while loading local/lib/UC/UC.cma: error while linking local/lib/UC/UC.cma.
Feb 21 13:16:18: main: Reference to undefined global `Facebook'
Feb 21 13:16:53: main: Fatal - Error in configuration file: Error while parsing configuration file: Eliom: while loading local/lib/UC/UC.cma: error while linking local/lib/UC/UC.cma.
Feb 21 13:16:53: main: Reference to undefined global `Facebook'
Feb 21 13:18:34: main: Fatal - Error in configuration file: Error while parsing configuration file: Eliom: while loading local/lib/UC/UC.cma: error while linking local/lib/UC/UC.cma.
Feb 21 13:18:34: main: Reference to undefined global `Facebook'
Feb 21 13:19:26: main: Fatal - Findlib package Facebook.cma not found: maybe you forgot <findlib path="..."/>?
Feb 21 13:22:08: main: Fatal - Error in configuration file: Error while parsing configuration file: Eliom: while loading local/lib/UC/UC.cma: error while linking local/lib/UC/UC.cma.
Feb 21 13:22:08: main: Reference to undefined global `Facebook'
Feb 21 13:22:46: main: Fatal - Error in configuration file: Error while parsing configuration file: Eliom: while loading local/lib/UC/UC.cma: error while linking local/lib/UC/UC.cma.
Feb 21 13:22:46: main: Reference to undefined global `Facebook'
Feb 21 13:29:06: main: Fatal - While loading Facebook.cmo: error while linking Facebook.cmo.
Feb 21 13:29:06: main: Reference to undefined global `Https_client'
Feb 21 13:30:06: main: Fatal - While loading Facebook.cmi: Facebook.cmi is not a bytecode object file
Feb 21 13:30:21: main: Fatal - While loading Facebook.cmo: error while linking Facebook.cmo.
Feb 21 13:30:21: main: Reference to undefined global `Https_client'
Feb 21 13:49:14: main: Fatal - Error in configuration file: Error while parsing configuration file: Eliom: while loading local/lib/UC/UC.cma: error while linking local/lib/UC/UC.cma.
Feb 21 13:49:14: main: Reference to undefined global `Facebook'
Feb 21 13:49:24: main: Fatal - Error in configuration file: Error while parsing configuration file: Eliom: while loading local/lib/UC/UC.cma: error while linking local/lib/UC/UC.cma.
Feb 21 13:49:24: main: Reference to undefined global `Facebook'
Feb 21 13:49:53: main: Fatal - Error in configuration file: Error while parsing configuration file: Eliom: while loading local/lib/UC/UC.cma: error while linking local/lib/UC/UC.cma.
Feb 21 13:49:53: main: Reference to undefined global `Facebook'
Feb 21 13:50:01: main: Fatal - Error in configuration file: Error while parsing configuration file: Eliom: while loading local/lib/UC/UC.cma: error while linking local/lib/UC/UC.cma.
Feb 21 13:50:01: main: Reference to undefined global `Facebook'
Feb 21 13:52:30: main: Fatal - Error in configuration file: Error while parsing configuration file: Eliom: while loading local/lib/UC/UC.cma: error while linking local/lib/UC/UC.cma.
Feb 21 13:52:30: main: Reference to undefined global `Facebook'
Feb 21 13:52:40: main: Fatal - Error in configuration file: Error while parsing configuration file: Eliom: while loading local/lib/UC/UC.cma: error while linking local/lib/UC/UC.cma.
Feb 21 13:52:40: main: Reference to undefined global `Facebook'
Feb 21 13:53:46: main: Fatal - Error in configuration file: Error while parsing configuration file: Eliom: while loading local/lib/UC/UC.cma: error while linking local/lib/UC/UC.cma.
Feb 21 13:53:46: main: Reference to undefined global `Facebook'
Feb 21 13:53:58: main: Fatal - Error in configuration file: Error while parsing configuration file: Eliom: while loading local/lib/UC/UC.cma: error while linking local/lib/UC/UC.cma.
Feb 21 13:53:58: main: Reference to undefined global `Facebook'
Feb 21 13:57:45: main: Fatal - Error in configuration file: Error while parsing configuration file: Eliom: while loading local/lib/UC/UC.cma: error while linking local/lib/UC/UC.cma.
Feb 21 13:57:45: main: Reference to undefined global `Facebook'
Feb 21 13:58:09: main: Fatal - Error in configuration file: Error while parsing configuration file: Eliom: while loading local/lib/UC/UC.cma: error while linking local/lib/UC/UC.cma.
Feb 21 13:58:09: main: Reference to undefined global `Facebook'
Feb 21 14:04:11: main: Fatal - Error in configuration file: Unexpected tag <library> inside <site dir="">
Feb 21 14:04:51: main: Fatal - Error in configuration file: Unexpected tag <require> inside <site dir="">
Feb 21 14:05:21: main: Fatal - While loading Facebook.cmo: error while linking Facebook.cmo.
Feb 21 14:05:21: main: Reference to undefined global `Https_client'
Feb 21 14:06:59: main: Fatal - Error in configuration file: Wrong attribute for <library>
Feb 21 14:07:19: main: Fatal - Error in configuration file: tag <module> unexpected inside <server>
Feb 21 14:21:59: main: Fatal - Findlib package Facebook.cma not found: maybe you forgot <findlib path="..."/>?
Feb 21 14:25:53: main: Fatal - Error in configuration file: Wrong attribute for <extension>
Feb 21 14:34:31: main: Fatal - Error in configuration file: Wrong attribute for <extension>
Feb 21 14:37:54: main: Fatal - Findlib package Facebook.cmo not found: maybe you forgot <findlib path="..."/>?
Feb 21 14:39:38: main: Fatal - Findlib package Facebook.cmo not found: maybe you forgot <findlib path="..."/>?
Feb 21 14:41:05: main: Fatal - Findlib package /home/alpha/UnsportsmanlikeConduct/UC/Facebook.cmo not found: maybe you forgot <findlib path="..."/>?
Feb 21 14:41:21: main: Fatal - Error in configuration file: Wrong attribute for <extension>
Feb 21 14:41:33: main: Fatal - Error in configuration file: tag <module> unexpected inside <server>
Feb 21 14:42:05: main: Fatal - Error in configuration file: Wrong attribute for <library>
Feb 21 14:42:20: main: Fatal - While loading /home/alpha/UnsportsmanlikeConduct/UC/Facebook.cmo: error while linking /home/alpha/UnsportsmanlikeConduct/UC/Facebook.cmo.
Feb 21 14:42:20: main: Reference to undefined global `Https_client'
Feb 21 15:01:42: main: Fatal - While loading /home/alpha/UnsportsmanlikeConduct/UC/Facebook.cmo: error while linking /home/alpha/UnsportsmanlikeConduct/UC/Facebook.cmo.
Feb 21 15:01:42: main: Reference to undefined global `Https_client'
Feb 21 15:47:30: main: Fatal - Error in configuration file: tag <eliom> unexpected inside <server>
Feb 22 00:00:43: main: Fatal - Error in configuration file: Wrong attribute for <library>
Feb 22 00:01:00: main: Fatal - While loading /home/alpha/UnsportsmanlikeConduct/UC/Facebook.cmo: error while linking /home/alpha/UnsportsmanlikeConduct/UC/Facebook.cmo.
Feb 22 00:01:00: main: Reference to undefined global `Https_client'
Feb 22 12:43:59: main: Fatal - Findlib package /home/alpha/.opam/4.01.0/lib/netclient/netclient.cma not found: maybe you forgot <findlib path="..."/>?
Feb 22 12:44:22: main: Fatal - Findlib package ~/home/alpha/.opam/4.01.0/lib/netclient/netclient.cma not found: maybe you forgot <findlib path="..."/>?
Feb 22 12:44:37: main: Fatal - Findlib package /home/alpha/.opam/4.01.0/lib/netclient/netclient.cma not found: maybe you forgot <findlib path="..."/>?
Feb 22 12:45:45: main: Fatal - Findlib package /home/alpha/.opam/4.01.0/lib/netclient/netclient.cma not found: maybe you forgot <findlib path="..."/>?
Feb 22 12:46:21: main: Fatal - Findlib package /home/alpha/.opam/4.01.0/lib/netclient/netclient.cma not found: maybe you forgot <findlib path="..."/>?
Feb 22 12:48:28: main: Fatal - Error in configuration file: Wrong attribute for <library>
Feb 22 12:48:41: main: Fatal - Findlib package /home/alpha/.opam/4.01.0/lib/netclient/netclient.cma not found: maybe you forgot <findlib path="..."/>?
Feb 22 12:48:54: main: Fatal - Findlib package /home/alpha/.opam/4.01.0/lib/netclient/netclient.cma not found: maybe you forgot <findlib path="..."/>?
Feb 22 12:49:08: main: Fatal - Findlib package /home/alpha/.opam/4.01.0/lib/netclient/netclient.cma not found: maybe you forgot <findlib path="..."/>?
Feb 22 12:52:42: main: Fatal - Findlib package /home/alpha/.opam/4.01.0/lib/netclient/netclient.cma not found: maybe you forgot <findlib path="..."/>?
Feb 22 13:24:39: main: Fatal - Findlib package home/alpha/.opam/4.01.0/lib/mysql/mysql.cma not found: maybe you forgot <findlib path="..."/>?
Feb 22 13:33:55: main: Fatal - Findlib package mysql.cma not found: maybe you forgot <findlib path="..."/>?
Feb 22 13:34:14: main: Fatal - Findlib package home/alpha/UnsportsmanlikeConduct/UC/mysql.cma not found: maybe you forgot <findlib path="..."/>?
Feb 22 13:34:32: main: Fatal - Findlib package /home/alpha/UnsportsmanlikeConduct/UC/mysql.cma not found: maybe you forgot <findlib path="..."/>?
Feb 22 13:39:19: main: Fatal - Findlib package home/alpha/.opam/4.01.0/lib/netclient/ not found: maybe you forgot <findlib path="..."/>?
Feb 22 13:40:23: main: Fatal - Findlib package home/alpha/.opam/4.01.0/lib/netclient/netclient.cma not found: maybe you forgot <findlib path="..."/>?
Feb 22 13:41:24: main: Fatal - Findlib package home/alpha/.opam/4.01.0/lib/netclient/netclient.cma not found: maybe you forgot <findlib path="..."/>?
Feb 22 13:41:32: main: Fatal - Findlib package home/alpha/.opam/4.01.0/lib/netclient/netclient.cma not found: maybe you forgot <findlib path="..."/>?
Feb 22 13:42:43: main: Fatal - While loading home/alpha/.opam/4.01.0/lib/netclient/netclient.cma: cannot find file home/alpha/.opam/4.01.0/lib/netclient/netclient.cma in search path
Feb 22 13:43:01: main: Fatal - While loading home/alpha/.opam/4.01.0/lib/netclient/netclient.cma: cannot find file home/alpha/.opam/4.01.0/lib/netclient/netclient.cma in search path
Feb 22 13:43:11: main: Fatal - While loading home/alpha/.opam/4.01.0/lib/netclient/netclient.cma: cannot find file home/alpha/.opam/4.01.0/lib/netclient/netclient.cma in search path
Feb 22 13:43:39: main: Fatal - While loading netclient.cma: cannot find file netclient.cma in search path
Feb 22 13:43:56: main: Fatal - While loading netclient.cma: cannot find file netclient.cma in search path
Feb 22 13:44:04: main: Fatal - While loading netclient.cma: cannot find file netclient.cma in search path
Feb 22 13:44:11: main: Fatal - While loading netclient.cma: cannot find file netclient.cma in search path
Feb 22 13:45:29: main: Fatal - Error in configuration file: tag <eliom> unexpected inside <server>
Feb 22 13:46:20: main: Fatal - Error in configuration file: tag <site> unexpected inside <server>
Feb 22 13:47:15: main: Fatal - Error in configuration file: Error while parsing configuration file: Eliom: while loading /home/alpha/.opam/4.01.0/lib/netclient/netclient.cma: error while linking /home/alpha/.opam/4.01.0/lib/netclient/netclient.cma.
Feb 22 13:47:15: main: Reference to undefined global `Unixqueue'
Feb 22 13:49:35: main: Fatal - Error in configuration file: Error while parsing configuration file: Eliom: while loading /home/alpha/.opam/4.01.0/lib/netclient/netclient.cma: error while linking /home/alpha/.opam/4.01.0/lib/netclient/netclient.cma.
Feb 22 13:49:35: main: Reference to undefined global `Unixqueue'
Feb 22 13:52:16: main: Fatal - Findlib package home/alpha/.opam/4.01.0/lib/netclient/netclient.cma not found: maybe you forgot <findlib path="..."/>?
Feb 22 13:52:34: main: Fatal - Findlib package home/alpha/.opam/4.01.0/lib/netclient/netclient.cma not found: maybe you forgot <findlib path="..."/>?
Feb 22 13:57:43: main: Fatal - Error in configuration file: Error while parsing configuration file: Eliom: while loading /home/alpha/.opam/4.01.0/lib/equeue-ssl/equeue_ssl.cma: error while linking /home/alpha/.opam/4.01.0/lib/equeue-ssl/equeue_ssl.cma.
Feb 22 13:57:43: main: Reference to undefined global `Uq_engines'
Feb 22 18:13:34: main: Fatal - Error in configuration file: Error while parsing configuration file: Eliom: while loading /home/alpha/.opam/4.01.0/lib/core/core.cmo: cannot find file /home/alpha/.opam/4.01.0/lib/core/core.cmo in search path
